
****************************************************************
****************************************************************
**                                                            **
**                                                            **
**        CCC     OO      SSS    M    M     OO      SSS       **
**       C       O  O    S       MM  MM    O  O    S          **
**       C       O  O     SS     M MM M    O  O     SS        **
**       C       O  O       S    M    M    O  O       S       **
**        CCC     OO     SSS     M    M     OO     SSS        **
**                                                            **
**                                                            **
**                   Simulations  V2022-PR1                   **
**                 Simulation Premium Package                 **
**           Distributed By: SOLIDWORKS Corporation           **
**               6320 Canoga Avenue, Suite 300                **
**               Woodland Hills, California 91367             **
**               Telephone Number (818)673-2200               **
**         Copyright 1988-2018 SOLIDWORKS Corporation         **
**                                                            **
****************************************************************
****************************************************************

Problem name: C:\Users\natur\OneDrive\Documents\Colleg
Date        : 10/18/2022     Time:   11:12:26


 SYSTEM OF UNITS:
 International System of Units, SI, is used for all input/output data.
 Common Quantities:
 Length:meter, Mass:kilogram, Time:second, Temperature:kelvin
 Force:newton, Pressure also stress:pascal, Energy:joule, Power:watt

 NUMBER OF PHYSICAL CORES USED TO RUN SIMULATION:  8

  C O N T R O L  I N F O R M A T I O N                  

   CURRENT RESTRAINT SET . . . . . . . . . . . (BC_SET)  =           1

   NUMBER OF LOAD CASES  . . . . . . . . . . . (NLCASE)  =           1
   SOLUTION MODE . . . . . . . . . . . . . . . (MODEX)   =           0
      EQ. 0, STATIC ANALYSIS                              
      EQ. 1, BUCKLING ANALYSIS                            
      EQ. 2, DYNAMIC ANALYSIS                             
      EQ. 3, DROP TEST                                    

   SOLVER TYPE . . . . . . . . . . . . . . . . .(ISOL)   =           5
      EQ. 0, DIRECT SPARSE SOLVER                         
      EQ. 1, DIRECT SKYLINE SOLVER                        
      EQ. 2, ITERATIVE SOLVER                             
      EQ. 3, EXPLICIT INTEGRATION                         
      EQ. 4, LARGE PROBLEM DIRECT SPARSE SOLVER           
      EQ. 5, INTEL DIRECT SPARSE SOLVER                   
      EQ. 6, INTEL NETWORK SPARSE SOLVER                  

   THERMAL LOADING FLAG . . . . . . . . . . . .(ITHERM)  =           0
      EQ. 0, NO THERMAL EFFECTS CONSIDERED                
      EQ. 1, ADD TEMPERATURE EFFECT                       
   GRAVITY LOADING FLAG . . . . . . . . . . . .(IGRAV)   =           0
      EQ. 0, NO GRAVITY LOADING CONSIDERED                
      EQ. 1, ADD GRAVITY LOADING EFFECT                   
   CENTRIFUGAL LOADING FLAG . . . . . . . . . .(ICNTRF)  =           0
      EQ. 0, NO CENTRIFUGAL LOADING CONSIDERED            
      EQ. 1, ADD CENTRIFUGAL LOADING EFFECT               
   IN-PLANE STIFFENING FLAG . . . . . . . . . .(INPLN)   =           0
      EQ. 0, NO IN-PLANE EFFECTS CONSIDERED               
      EQ. 1, IN-PLANE EFFECTS CONSIDERED                  
   SOFT SPRING ADDITION FLAG . . . . . . . . . (ISOFT)   =           0
      EQ. 0, NO SOFT SPRING OPTION                        
      EQ. 1, SOFT SPRING ADDED                            

   SAVE DECOMPOSED STIFFNESS MATRIX FLAG . . . (ISAVK)   =           0
      EQ. 0, DO NOT SAVE DECOMPOSED K                     
      EQ. 1, SAVE DECOMPOSED K                            
   FORM STIFFNESS MATRIX FLAG . . . . . . . . .(IFORMK)  =           0
      EQ. 0, FORM STIFFNESS MATRIX                        
      EQ. 1, USE EXISTING DECOMPOSED STIFFNESS MATRIX     

   SPIN SOFTENING FLAG . . . . . . . . . . . . (ISPIN)   =           0
      EQ. 0, NO SPIN SOFTENING EFFECTS CONSIDERED         
      EQ. 1, SPIN SOFTENING EFFECTS CONSIDERED            
   INERTIA RELIEF FLAG  . . . . . . . . . . . .(IFORMK)  =           0
      EQ. 0, NO INERITA RELIEF EFFECTS CONSIDERED         
      EQ. 1, INERITA RELIEF EFFECTS CONSIDERED            
   RIGID CONNECTIONS FLAG  . . . . . . . . . . (IRIGID)  =           0
      EQ. 0, HINGE CONNECTIONS BETWEEN SOLIDS & SHELLS    
      EQ. 1, RIGID CONNECTIONS BETWEEN SOLIDS & SHELLS    


  T O T A L  S Y S T E M  D A T A                        
   NUMBER OF EQUATIONS . . . . . . . . . . . . . .(NEQ)  =       50628
   MEAN HALF BANDWIDTH . . . . . . . . . . . . . .(MM )  =          86
   NUMBER OF ELEMENTS. . . . . . . . . . . . . . .(NUME) =        9487
   NUMBER OF NODAL POINTS. . . . . . . . . . . . .(NUMNP)=       16937

   ORIGINAL NO. OF MATRIX ELEMENTS . . . . . . . .(NWK)  =     1867562




************************************************************************
    D I S P L A C E M E N T     P R I N T O U T    (LOAD CASE     1)
************************************************************************




************************************************************************
    D I S P L A C E M E N T     P R I N T O U T    (LOAD CASE     1)
************************************************************************


  STATUS OF THERMAL EFFECTS FOR THIS LOAD CASE:
  ---------------------------------------------

    - Thermal flag is off (no thermal effect)



  S O L U T I O N   T I M E   L O G   I N   S E C
            FOR PROBLEM
     TIME FOR INPUT PHASE  . . . . . . . . . . . . . . =       0
     TIME FOR CALCULATION OF STRUCTURE STIFFNESS MATRIX=       0
     TIME FOR INTEL DIRECT SPARSE SOLVER . . . . . . . =       1

     TIME FOR LCP CONTACT (AND/OR LRG DISP) OPERATIONS (Prep) . . =      10
     ***** ITERATION NUMBER ***** . . . . . . . . =       1
     TIME FOR CALCULATION OF STRUCTURE STIFFNESS MATRIX . . . . . =     424
     TIME FOR INTEL DIRECT SPARSE SOLVER . . . . . . . . . . . . .=     989
     TIME FOR LCP CONTACT(AND/OR LRG DISP) OPERATIONS(Convrg chk) =       0

     ***** ITERATION NUMBER ***** . . . . . . . . =       2
     TIME FOR CALCULATION OF STRUCTURE STIFFNESS MATRIX . . . . . =     418
     TIME FOR INTEL DIRECT SPARSE SOLVER . . . . . . . . . . . . .=     895
     TIME FOR LCP CONTACT(AND/OR LRG DISP) OPERATIONS(Convrg chk) =       0


   LOAD FACTOR =   0.5000E+00
   ***************************


 TOTAL STRAIN ENERGY. . . . . . . . . . . =  0.465212E-02

             D I S P L A C E M E N T S

     NODE X-DISPL.     Y-DISPL.     Z-DISPL.     XX-ROT.      YY-ROT.      ZZ-ROT.


 MINIMUM/MAXIMUM DISPLACEMENTS

  NODE     15688           10        16926            1            1            1
  MIN.  -2.25406E-05 -4.13202E-03 -7.06999E-07   0.0000       0.0000       0.0000    

  NODE         8        12095        16140        16937        16937        16937
  MAX.   8.41958E-05  7.85553E-08  7.07442E-07   0.0000       0.0000       0.0000    

 MAXIMUM RESULTANT DISPLACEMENT

  NODE        10
  MAX.   4.13202E-03


         R E A C T I O N   F O R C E

  TOTAL   CSYS         FX             FY             FZ
           0       0.2451E-03      2.443         -.3958E-04

 TOTAL STRAIN ENERGY. . . . . . . . . . . =  0.465224E-02



********************************************************************************
 MAXIMUM NODAL VON MISES STRESS & ERROR ESTIMATE FOR LOAD CASE   1
********************************************************************************

  NODE     13821
  MAX.     0.24882E+08
     TIME FOR LCP CONTACT (AND/OR LRG DISP) OPERATIONS (Results) .=     790

     TIME FOR LCP CONTACT (AND/OR LRG DISP) OPERATIONS (Prep) . . =       0
     TIME FOR CALCULATION OF STRUCTURE STIFFNESS MATRIX . . . . . =     503
     TIME FOR INTEL DIRECT SPARSE SOLVER . . . . . . . . . . . . .=    1039
     TIME FOR LCP CONTACT(AND/OR LRG DISP) OPERATIONS(Convrg chk) =       0

     ***** ITERATION NUMBER ***** . . . . . . . . =       1
     TIME FOR CALCULATION OF STRUCTURE STIFFNESS MATRIX . . . . . =     503
     TIME FOR INTEL DIRECT SPARSE SOLVER . . . . . . . . . . . . .=    1131
     TIME FOR LCP CONTACT(AND/OR LRG DISP) OPERATIONS(Convrg chk) =       0

     ***** ITERATION NUMBER ***** . . . . . . . . =       2
     TIME FOR CALCULATION OF STRUCTURE STIFFNESS MATRIX . . . . . =     534
     TIME FOR INTEL DIRECT SPARSE SOLVER . . . . . . . . . . . . .=    1068
     TIME FOR LCP CONTACT(AND/OR LRG DISP) OPERATIONS(Convrg chk) =       0


   LOAD FACTOR =   0.1000E+01
   ***************************


 TOTAL STRAIN ENERGY. . . . . . . . . . . =  0.185993E-01

             D I S P L A C E M E N T S

     NODE X-DISPL.     Y-DISPL.     Z-DISPL.     XX-ROT.      YY-ROT.      ZZ-ROT.


 MINIMUM/MAXIMUM DISPLACEMENTS

  NODE     15586           10        16926            1            1            1
  MIN.  -3.45806E-05 -8.25983E-03 -1.41319E-06   0.0000       0.0000       0.0000    

  NODE         8        12275        16140        16937        16937        16937
  MAX.   2.54880E-04  1.56244E-07  1.41461E-06   0.0000       0.0000       0.0000    

 MAXIMUM RESULTANT DISPLACEMENT

  NODE        10
  MAX.   8.26034E-03


         R E A C T I O N   F O R C E

  TOTAL   CSYS         FX             FY             FZ
           0       -.4118E-02      4.899         -.1014E-01

 TOTAL STRAIN ENERGY. . . . . . . . . . . =  0.185939E-01



********************************************************************************
 MAXIMUM NODAL VON MISES STRESS & ERROR ESTIMATE FOR LOAD CASE   1
********************************************************************************

  NODE     13821
  MAX.     0.49756E+08



   E R R O R    E S T I M A T I O N
   (for requested elements)

   Total Strain Energy (TSE)        =  0.185939E-01
   Total Error Energy (TEE)         =  0.102664E-04
   Ave. Percentage Error (APE)      =  0.166130E+01
     ( APE =  sqrt (TEE/(TSE*2. + TEE)) * 100. )
     TIME FOR LCP CONTACT (AND/OR LRG DISP) OPERATIONS (Results) .=     926




********************************************************************************
   MFLOP Rate of Matrix Decomposition . . . . . . . (MF/Sec)=       0.0
********************************************************************************


                             S O L U T I O N    T I M E   L O G    I N    S E C O N D S
  DEFINITIONS
     INP_PHASE=TIME FOR INPUT PHASE
     STF_PHASE=TIME FOR CALCULATION OF STRUCTURE STIFFNESS MATRIX
     REN_PHASE=TIME FOR REORDERING EQUATIONS
     SOL_PHASE=TIME FOR INTEL DIRECT SPARSE SOLUTION
     CNT_PHASE=TIME FOR LCP CONTACT (AND/OR LRG DISP) OPERATIONS
     REC_PHASE=TIME FOR REACTION FORCE & DISP UPDATE TO POST
     STS_PHASE=TIME FOR STRESS CALCULATION
     LCS_PHASE=TIME FOR LOAD CASE SOLUTIONS
     TOT_TIME =TOTAL SOLUTION TIME

          INP_PHASE STF_PHASE REN_PHASE SOL_PHASE CNT_PHASE REC_PHASE STS_PHASE LCS_PHASE  TOT_TIME 
                  0         2         4         2         1         0         0         0        11
                                                      (   0: 0:11)



